2015-08-27 07:05:13,584 - [INFO] - from play in pool-4-thread-3 
Listening for HTTP on /0:0:0:0:0:0:0:0:9000

2015-08-27 07:05:44,254 - [INFO] - from play in play-internal-execution-context-1 
datasource [jdbc:mysql://localhost/sysprova] bound to JNDI as DefaultDS

2015-08-27 07:05:45,045 - [INFO] - from play in play-internal-execution-context-1 
database [default] connected at jdbc:mysql://localhost/sysprova

2015-08-27 07:05:46,665 - [INFO] - from play in play-internal-execution-context-1 
Application started (Dev)

2015-08-27 07:05:50,612 - [INFO] - from play in play-internal-execution-context-1 
datasource [jdbc:mysql://localhost/sysprova] bound to JNDI as DefaultDS

2015-08-27 07:05:50,688 - [INFO] - from play in play-internal-execution-context-1 
database [default] connected at jdbc:mysql://localhost/sysprova

2015-08-27 07:05:50,918 - [INFO] - from play in play-internal-execution-context-1 
Application started (Dev)

2015-08-27 07:06:08,796 - [ERROR] - from application in New I/O worker #3 


! Internal server error, for (GET) [/@documentation/IDE] ->

java.lang.IncompatibleClassChangeError: class org.objectweb.asm.tree.ClassNode has interface org.objectweb.asm.ClassVisitor as super class
	at java.lang.ClassLoader.defineClass1(Native Method) ~[na:1.8.0_51]
	at java.lang.ClassLoader.defineClass(Unknown Source) ~[na:1.8.0_51]
	at java.security.SecureClassLoader.defineClass(Unknown Source) ~[na:1.8.0_51]
	at java.net.URLClassLoader.defineClass(Unknown Source) ~[na:1.8.0_51]
	at java.net.URLClassLoader.access$100(Unknown Source) ~[na:1.8.0_51]
	at java.net.URLClassLoader$1.run(Unknown Source) ~[na:1.8.0_51]
	at java.net.URLClassLoader$1.run(Unknown Source) ~[na:1.8.0_51]
	at java.security.AccessController.doPrivileged(Native Method) ~[na:1.8.0_51]
	at java.net.URLClassLoader.findClass(Unknown Source) ~[na:1.8.0_51]
	at java.lang.ClassLoader.loadClass(Unknown Source) ~[na:1.8.0_51]
	at java.lang.ClassLoader.loadClass(Unknown Source) ~[na:1.8.0_51]
	at java.lang.ClassLoader.defineClass1(Native Method) ~[na:1.8.0_51]
	at java.lang.ClassLoader.defineClass(Unknown Source) ~[na:1.8.0_51]
	at java.security.SecureClassLoader.defineClass(Unknown Source) ~[na:1.8.0_51]
	at java.net.URLClassLoader.defineClass(Unknown Source) ~[na:1.8.0_51]
	at java.net.URLClassLoader.access$100(Unknown Source) ~[na:1.8.0_51]
	at java.net.URLClassLoader$1.run(Unknown Source) ~[na:1.8.0_51]
	at java.net.URLClassLoader$1.run(Unknown Source) ~[na:1.8.0_51]
	at java.security.AccessController.doPrivileged(Native Method) ~[na:1.8.0_51]
	at java.net.URLClassLoader.findClass(Unknown Source) ~[na:1.8.0_51]
	at java.lang.ClassLoader.loadClass(Unknown Source) ~[na:1.8.0_51]
	at java.lang.ClassLoader.loadClass(Unknown Source) ~[na:1.8.0_51]
	at org.parboiled.transform.ParserTransformer.extendParserClass(ParserTransformer.java:43) ~[na:na]
	at org.parboiled.transform.ParserTransformer.transformParser(ParserTransformer.java:38) ~[na:na]
	at org.parboiled.Parboiled.createParser(Parboiled.java:54) ~[na:na]
	at org.pegdown.plugins.PegDownPlugins$Builder.withPlugin(PegDownPlugins.java:99) ~[na:na]
	at play.doc.PlayDoc.play$doc$PlayDoc$$withRenderer(PlayDoc.scala:100) ~[na:na]
	at play.doc.PlayDoc$$anonfun$renderPage$1.apply(PlayDoc.scala:47) ~[na:na]
	at play.doc.PlayDoc$$anonfun$renderPage$1.apply(PlayDoc.scala:41) ~[na:na]
	at scala.Option.flatMap(Option.scala:170) ~[scala-library.jar:na]
	at play.doc.PlayDoc.renderPage(PlayDoc.scala:41) ~[na:na]
	at play.docs.DocumentationHandler.maybeHandleDocRequest(DocumentationHandler.scala:100) ~[na:na]
	at play.docs.DocumentationHandler.maybeHandleDocRequest(DocumentationHandler.scala:28) ~[na:na]
	at play.core.ReloadableApplication.handleWebCommand(ApplicationProvider.scala:171) ~[play_2.10.jar:2.2.6]
	at play.core.server.Server$$anonfun$getHandlerFor$1.apply(Server.scala:79) ~[play_2.10.jar:2.2.6]
	at play.core.server.Server$$anonfun$getHandlerFor$1.apply(Server.scala:79) ~[play_2.10.jar:2.2.6]
	at scala.util.control.Exception$Catch$$anonfun$either$1.apply(Exception.scala:124) ~[scala-library.jar:na]
	at scala.util.control.Exception$Catch$$anonfun$either$1.apply(Exception.scala:124) ~[scala-library.jar:na]
	at scala.util.control.Exception$Catch.apply(Exception.scala:102) ~[scala-library.jar:na]
	at scala.util.control.Exception$Catch.either(Exception.scala:124) ~[scala-library.jar:na]
	at play.core.server.Server$class.getHandlerFor(Server.scala:79) ~[play_2.10.jar:2.2.6]
	at play.core.server.NettyServer.getHandlerFor(NettyServer.scala:35) [play_2.10.jar:2.2.6]
	at play.core.server.netty.PlayDefaultUpstreamHandler$$anonfun$9.apply(PlayDefaultUpstreamHandler.scala:122) [play_2.10.jar:2.2.6]
	at play.core.server.netty.PlayDefaultUpstreamHandler$$anonfun$9.apply(PlayDefaultUpstreamHandler.scala:122) [play_2.10.jar:2.2.6]
	at scala.util.Either.fold(Either.scala:98) [scala-library.jar:na]
	at play.core.server.netty.PlayDefaultUpstreamHandler.messageReceived(PlayDefaultUpstreamHandler.scala:116) [play_2.10.jar:2.2.6]
	at org.jboss.netty.channel.SimpleChannelUpstreamHandler.handleUpstream(SimpleChannelUpstreamHandler.java:70) [netty.jar:na]
	at org.jboss.netty.channel.DefaultChannelPipeline.sendUpstream(DefaultChannelPipeline.java:564) [netty.jar:na]
	at org.jboss.netty.channel.DefaultChannelPipeline$DefaultChannelHandlerContext.sendUpstream(DefaultChannelPipeline.java:791) [netty.jar:na]
	at com.typesafe.netty.http.pipelining.HttpPipeliningHandler.messageReceived(HttpPipeliningHandler.java:62) [netty-http-pipelining.jar:na]
	at org.jboss.netty.channel.SimpleChannelHandler.handleUpstream(SimpleChannelHandler.java:88) [netty.jar:na]
	at org.jboss.netty.channel.DefaultChannelPipeline.sendUpstream(DefaultChannelPipeline.java:564) [netty.jar:na]
	at org.jboss.netty.channel.DefaultChannelPipeline$DefaultChannelHandlerContext.sendUpstream(DefaultChannelPipeline.java:791) [netty.jar:na]
	at org.jboss.netty.handler.codec.http.HttpContentDecoder.messageReceived(HttpContentDecoder.java:108) [netty.jar:na]
	at org.jboss.netty.channel.SimpleChannelUpstreamHandler.handleUpstream(SimpleChannelUpstreamHandler.java:70) [netty.jar:na]
	at org.jboss.netty.channel.DefaultChannelPipeline.sendUpstream(DefaultChannelPipeline.java:564) [netty.jar:na]
	at org.jboss.netty.channel.DefaultChannelPipeline$DefaultChannelHandlerContext.sendUpstream(DefaultChannelPipeline.java:791) [netty.jar:na]
	at org.jboss.netty.channel.Channels.fireMessageReceived(Channels.java:296) [netty.jar:na]
	at org.jboss.netty.handler.codec.frame.FrameDecoder.unfoldAndFireMessageReceived(FrameDecoder.java:459) [netty.jar:na]
	at org.jboss.netty.handler.codec.replay.ReplayingDecoder.callDecode(ReplayingDecoder.java:536) [netty.jar:na]
	at org.jboss.netty.handler.codec.replay.ReplayingDecoder.messageReceived(ReplayingDecoder.java:435) [netty.jar:na]
	at org.jboss.netty.channel.SimpleChannelUpstreamHandler.handleUpstream(SimpleChannelUpstreamHandler.java:70) [netty.jar:na]
	at org.jboss.netty.channel.DefaultChannelPipeline.sendUpstream(DefaultChannelPipeline.java:564) [netty.jar:na]
	at org.jboss.netty.channel.DefaultChannelPipeline.sendUpstream(DefaultChannelPipeline.java:559) [netty.jar:na]
	at org.jboss.netty.channel.Channels.fireMessageReceived(Channels.java:268) [netty.jar:na]
	at org.jboss.netty.channel.Channels.fireMessageReceived(Channels.java:255) [netty.jar:na]
	at org.jboss.netty.channel.socket.nio.NioWorker.read(NioWorker.java:88) [netty.jar:na]
	at org.jboss.netty.channel.socket.nio.AbstractNioWorker.process(AbstractNioWorker.java:109) [netty.jar:na]
	at org.jboss.netty.channel.socket.nio.AbstractNioSelector.run(AbstractNioSelector.java:312) [netty.jar:na]
	at org.jboss.netty.channel.socket.nio.AbstractNioWorker.run(AbstractNioWorker.java:90) [netty.jar:na]
	at org.jboss.netty.channel.socket.nio.NioWorker.run(NioWorker.java:178) [netty.jar:na]
	at org.jboss.netty.util.ThreadRenamingRunnable.run(ThreadRenamingRunnable.java:108) [netty.jar:na]
	at org.jboss.netty.util.internal.DeadLockProofWorker$1.run(DeadLockProofWorker.java:42) [netty.jar:na]
	at java.util.concurrent.ThreadPoolExecutor.runWorker(Unknown Source) [na:1.8.0_51]
	at java.util.concurrent.ThreadPoolExecutor$Worker.run(Unknown Source) [na:1.8.0_51]
	at java.lang.Thread.run(Unknown Source) [na:1.8.0_51]

2015-08-27 07:06:08,835 - [ERROR] - from application in New I/O worker #3 
Error while rendering default error page
scala.MatchError: java.lang.IncompatibleClassChangeError: class org.objectweb.asm.tree.ClassNode has interface org.objectweb.asm.ClassVisitor as super class (of class java.lang.IncompatibleClassChangeError)
	at play.api.GlobalSettings$class.onError(GlobalSettings.scala:131) ~[play_2.10.jar:2.2.6]
	at play.api.DefaultGlobal$.onError(GlobalSettings.scala:189) [play_2.10.jar:2.2.6]
	at play.core.server.Server$class.logExceptionAndGetResult$1(Server.scala:73) [play_2.10.jar:2.2.6]
	at play.core.server.Server$$anonfun$getHandlerFor$2.apply(Server.scala:80) [play_2.10.jar:2.2.6]
	at play.core.server.Server$$anonfun$getHandlerFor$2.apply(Server.scala:80) [play_2.10.jar:2.2.6]
	at scala.util.Either$LeftProjection.map(Either.scala:377) [scala-library.jar:na]
	at play.core.server.Server$class.getHandlerFor(Server.scala:80) [play_2.10.jar:2.2.6]
	at play.core.server.NettyServer.getHandlerFor(NettyServer.scala:35) [play_2.10.jar:2.2.6]
	at play.core.server.netty.PlayDefaultUpstreamHandler$$anonfun$9.apply(PlayDefaultUpstreamHandler.scala:122) [play_2.10.jar:2.2.6]
	at play.core.server.netty.PlayDefaultUpstreamHandler$$anonfun$9.apply(PlayDefaultUpstreamHandler.scala:122) [play_2.10.jar:2.2.6]
	at scala.util.Either.fold(Either.scala:98) [scala-library.jar:na]
	at play.core.server.netty.PlayDefaultUpstreamHandler.messageReceived(PlayDefaultUpstreamHandler.scala:116) [play_2.10.jar:2.2.6]
	at org.jboss.netty.channel.SimpleChannelUpstreamHandler.handleUpstream(SimpleChannelUpstreamHandler.java:70) [netty.jar:na]
	at org.jboss.netty.channel.DefaultChannelPipeline.sendUpstream(DefaultChannelPipeline.java:564) [netty.jar:na]
	at org.jboss.netty.channel.DefaultChannelPipeline$DefaultChannelHandlerContext.sendUpstream(DefaultChannelPipeline.java:791) [netty.jar:na]
	at com.typesafe.netty.http.pipelining.HttpPipeliningHandler.messageReceived(HttpPipeliningHandler.java:62) [netty-http-pipelining.jar:na]
	at org.jboss.netty.channel.SimpleChannelHandler.handleUpstream(SimpleChannelHandler.java:88) [netty.jar:na]
	at org.jboss.netty.channel.DefaultChannelPipeline.sendUpstream(DefaultChannelPipeline.java:564) [netty.jar:na]
	at org.jboss.netty.channel.DefaultChannelPipeline$DefaultChannelHandlerContext.sendUpstream(DefaultChannelPipeline.java:791) [netty.jar:na]
	at org.jboss.netty.handler.codec.http.HttpContentDecoder.messageReceived(HttpContentDecoder.java:108) [netty.jar:na]
	at org.jboss.netty.channel.SimpleChannelUpstreamHandler.handleUpstream(SimpleChannelUpstreamHandler.java:70) [netty.jar:na]
	at org.jboss.netty.channel.DefaultChannelPipeline.sendUpstream(DefaultChannelPipeline.java:564) [netty.jar:na]
	at org.jboss.netty.channel.DefaultChannelPipeline$DefaultChannelHandlerContext.sendUpstream(DefaultChannelPipeline.java:791) [netty.jar:na]
	at org.jboss.netty.channel.Channels.fireMessageReceived(Channels.java:296) [netty.jar:na]
	at org.jboss.netty.handler.codec.frame.FrameDecoder.unfoldAndFireMessageReceived(FrameDecoder.java:459) [netty.jar:na]
	at org.jboss.netty.handler.codec.replay.ReplayingDecoder.callDecode(ReplayingDecoder.java:536) [netty.jar:na]
	at org.jboss.netty.handler.codec.replay.ReplayingDecoder.messageReceived(ReplayingDecoder.java:435) [netty.jar:na]
	at org.jboss.netty.channel.SimpleChannelUpstreamHandler.handleUpstream(SimpleChannelUpstreamHandler.java:70) [netty.jar:na]
	at org.jboss.netty.channel.DefaultChannelPipeline.sendUpstream(DefaultChannelPipeline.java:564) [netty.jar:na]
	at org.jboss.netty.channel.DefaultChannelPipeline.sendUpstream(DefaultChannelPipeline.java:559) [netty.jar:na]
	at org.jboss.netty.channel.Channels.fireMessageReceived(Channels.java:268) [netty.jar:na]
	at org.jboss.netty.channel.Channels.fireMessageReceived(Channels.java:255) [netty.jar:na]
	at org.jboss.netty.channel.socket.nio.NioWorker.read(NioWorker.java:88) [netty.jar:na]
	at org.jboss.netty.channel.socket.nio.AbstractNioWorker.process(AbstractNioWorker.java:109) [netty.jar:na]
	at org.jboss.netty.channel.socket.nio.AbstractNioSelector.run(AbstractNioSelector.java:312) [netty.jar:na]
	at org.jboss.netty.channel.socket.nio.AbstractNioWorker.run(AbstractNioWorker.java:90) [netty.jar:na]
	at org.jboss.netty.channel.socket.nio.NioWorker.run(NioWorker.java:178) [netty.jar:na]
	at org.jboss.netty.util.ThreadRenamingRunnable.run(ThreadRenamingRunnable.java:108) [netty.jar:na]
	at org.jboss.netty.util.internal.DeadLockProofWorker$1.run(DeadLockProofWorker.java:42) [netty.jar:na]
	at java.util.concurrent.ThreadPoolExecutor.runWorker(Unknown Source) [na:1.8.0_51]
	at java.util.concurrent.ThreadPoolExecutor$Worker.run(Unknown Source) [na:1.8.0_51]
	at java.lang.Thread.run(Unknown Source) [na:1.8.0_51]

